Using pre-set license
Built from '2020.2/release' branch; Version is '2020.2.2f1 (068178b99f32) revision 426360'; Using compiler version '192528614'; Build Type 'Release'
OS: 'Windows 10 Home; OS build 18363.1440; Version 1909; 64bit' Language: 'fr' Physical Memory: 8090 MB
BatchMode: 1, IsHumanControllingUs: 0, StartBugReporterOnCrash: 0, Is64bit: 1, IsPro: 0

 COMMAND LINE ARGUMENTS:
D:\Logiciels\Unity Editors\2020.2.2f1\Editor\Unity.exe
-adb2
-batchMode
-noUpm
-name
AssetImportWorker1
-projectPath
D:/Unity projects/Parallel worlds
-logFile
Logs/AssetImportWorker1.log
-srvPort
50320
Successfully changed project path to: D:/Unity projects/Parallel worlds
D:/Unity projects/Parallel worlds
Using Asset Import Pipeline V2.
Refreshing native plugins compatible for Editor in 56.11 ms, found 1 plugins.
Preloading 0 native plugins for Editor in 0.00 ms.
Initialize engine version: 2020.2.2f1 (068178b99f32)
[Subsystems] Discovering subsystems at path D:/Logiciels/Unity Editors/2020.2.2f1/Editor/Data/Resources/UnitySubsystems
[Subsystems] Discovering subsystems at path D:/Unity projects/Parallel worlds/Assets
GfxDevice: creating device client; threaded=0
Direct3D:
    Version:  Direct3D 11.0 [level 11.1]
    Renderer: NVIDIA GeForce GTX 965M (ID=0x1427)
    Vendor:   
    VRAM:     4055 MB
    Driver:   27.21.14.6140
Initialize mono
Mono path[0] = 'D:/Logiciels/Unity Editors/2020.2.2f1/Editor/Data/Managed'
Mono path[1] = 'D:/Logiciels/Unity Editors/2020.2.2f1/Editor/Data/MonoBleedingEdge/lib/mono/unityjit'
Mono config path = 'D:/Logiciels/Unity Editors/2020.2.2f1/Editor/Data/MonoBleedingEdge/etc'
Using monoOptions --debugger-agent=transport=dt_socket,embedding=1,server=y,suspend=n,address=127.0.0.1:56316
Begin MonoManager ReloadAssembly
Registering precompiled unity dll's ...
Register platform support module: D:/Logiciels/Unity Editors/2020.2.2f1/Editor/Data/PlaybackEngines/WebGLSupport/UnityEditor.WebGL.Extensions.dll
Register platform support module: D:/Logiciels/Unity Editors/2020.2.2f1/Editor/Data/PlaybackEngines/WindowsStandaloneSupport/UnityEditor.WindowsStandalone.Extensions.dll
Register platform support module: D:/Logiciels/Unity Editors/2020.2.2f1/Editor/Data/PlaybackEngines/LinuxStandaloneSupport/UnityEditor.LinuxStandalone.Extensions.dll
Registered in 0.010927 seconds.
Native extension for LinuxStandalone target not found
Native extension for WindowsStandalone target not found
Native extension for WebGL target not found
Refreshing native plugins compatible for Editor in 84.66 ms, found 1 plugins.
Preloading 0 native plugins for Editor in 0.00 ms.
Invoked RoslynAnalysisRunner static constructor.
RoslynAnalysisRunner will not be running.
RoslynAnalysisRunner has terminated.
Mono: successfully reloaded assembly
- Completed reload, in  4.232 seconds
Platform modules already initialized, skipping
Registering precompiled user dll's ...
Registered in 0.002171 seconds.
Begin MonoManager ReloadAssembly
Native extension for LinuxStandalone target not found
Native extension for WindowsStandalone target not found
Native extension for WebGL target not found
Refreshing native plugins compatible for Editor in 57.57 ms, found 1 plugins.
Preloading 0 native plugins for Editor in 0.00 ms.
Invoked RoslynAnalysisRunner static constructor.
RoslynAnalysisRunner will not be running.
RoslynAnalysisRunner has terminated.
Mono: successfully reloaded assembly
- Completed reload, in  4.180 seconds
Platform modules already initialized, skipping
========================================================================
Worker process is ready to serve import requests
Launched and connected shader compiler UnityShaderCompiler.exe after 0.58 seconds
Refreshing native plugins compatible for Editor in 0.77 ms, found 1 plugins.
Preloading 0 native plugins for Editor in 0.00 ms.
Unloading 1799 Unused Serialized files (Serialized files now loaded: 0)
System memory in use before: 84.4 MB.
System memory in use after: 84.4 MB.

Unloading 24 unused Assets to reduce memory usage. Loaded Objects now: 2241.
Total: 4.550500 ms (FindLiveObjects: 0.541300 ms CreateObjectMapping: 0.242900 ms MarkObjects: 3.478200 ms  DeleteObjects: 0.286000 ms)

========================================================================
Received Import Request.
  path: Assets/Grid.cs
  artifactKey: Guid(379bf23c891aabc40b2ef4cbd216f332) Importer(815301076,1909f56bfc062723c751e8b465ee728b)
Start importing Assets/Grid.cs using Guid(379bf23c891aabc40b2ef4cbd216f332) Importer(815301076,1909f56bfc062723c751e8b465ee728b)  -> (artifact id: 'dd47c13c066ff7892f6cdbfa4fc4dce8') in 0.130014 seconds
  Import took 0.134723 seconds .

========================================================================
Received Import Request.
  Time since last request: 15.552723 seconds.
  path: Assets/HorizontalAction.unitypackage
  artifactKey: Guid(a4c350cd14d69d944934a613befabef8) Importer(815301076,1909f56bfc062723c751e8b465ee728b)
Start importing Assets/HorizontalAction.unitypackage using Guid(a4c350cd14d69d944934a613befabef8) Importer(815301076,1909f56bfc062723c751e8b465ee728b)  -> (artifact id: '89cceb0ed6a8b7cae9eac028578d0dea') in 0.058481 seconds
  Import took 0.105288 seconds .

========================================================================
Received Import Request.
  Time since last request: 39.699098 seconds.
  path: Assets/HorizontalAction
  artifactKey: Guid(9dbc95cc18989f9458717ae69037dd7c) Importer(815301076,1909f56bfc062723c751e8b465ee728b)
Start importing Assets/HorizontalAction using Guid(9dbc95cc18989f9458717ae69037dd7c) Importer(815301076,1909f56bfc062723c751e8b465ee728b)  -> (artifact id: 'a93195a3ee1482aa7b21087118483127') in 0.004579 seconds
  Import took 0.009468 seconds .

========================================================================
Received Import Request.
  Time since last request: 0.779574 seconds.
  path: Assets/HorizontalAction/Assets
  artifactKey: Guid(fb26adbf2db34f54a93eeea20666a36e) Importer(815301076,1909f56bfc062723c751e8b465ee728b)
Start importing Assets/HorizontalAction/Assets using Guid(fb26adbf2db34f54a93eeea20666a36e) Importer(815301076,1909f56bfc062723c751e8b465ee728b)  -> (artifact id: '44ffd53903a80ff52ac1b8c076f9bdf3') in 0.013108 seconds
  Import took 0.017370 seconds .

========================================================================
Received Import Request.
  Time since last request: 3.199700 seconds.
  path: Assets/HorizontalAction/Assets/SampleAssets
  artifactKey: Guid(8b9497a609c258243be8e7b2f8a74b2c) Importer(815301076,1909f56bfc062723c751e8b465ee728b)
Start importing Assets/HorizontalAction/Assets/SampleAssets using Guid(8b9497a609c258243be8e7b2f8a74b2c) Importer(815301076,1909f56bfc062723c751e8b465ee728b)  -> (artifact id: '3cab90f896fd9229d9cc2e2f524dd839') in 0.013473 seconds
  Import took 0.017869 seconds .

========================================================================
Received Import Request.
  Time since last request: 1.461464 seconds.
  path: Assets/HorizontalAction/Assets/SampleAssets/Materials
  artifactKey: Guid(11fa60a4f5bdba144a008a674f32eb19) Importer(815301076,1909f56bfc062723c751e8b465ee728b)
Start importing Assets/HorizontalAction/Assets/SampleAssets/Materials using Guid(11fa60a4f5bdba144a008a674f32eb19) Importer(815301076,1909f56bfc062723c751e8b465ee728b)  -> (artifact id: '8594b1068ed713dfb77bc1527c1a3019') in 0.011644 seconds
  Import took 0.015559 seconds .

========================================================================
Received Import Request.
  Time since last request: 0.248175 seconds.
  path: Assets/HorizontalAction/Assets/SampleAssets/Materials/AI.mat
  artifactKey: Guid(9ed1fcabdbcde074590f094600e8ec23) Importer(815301076,1909f56bfc062723c751e8b465ee728b)
Start importing Assets/HorizontalAction/Assets/SampleAssets/Materials/AI.mat using Guid(9ed1fcabdbcde074590f094600e8ec23) Importer(815301076,1909f56bfc062723c751e8b465ee728b)  -> (artifact id: '9bd4f1b475f3b08987766e32a16b290f') in 0.513088 seconds
  Import took 0.517432 seconds .

========================================================================
Received Import Request.
  Time since last request: 0.000486 seconds.
  path: Assets/HorizontalAction/Assets/SampleAssets/Materials/Sunny Skybox.mat
  artifactKey: Guid(166c45d9070b7a243b666ef4b3d5ffde) Importer(815301076,1909f56bfc062723c751e8b465ee728b)
Start importing Assets/HorizontalAction/Assets/SampleAssets/Materials/Sunny Skybox.mat using Guid(166c45d9070b7a243b666ef4b3d5ffde) Importer(815301076,1909f56bfc062723c751e8b465ee728b)  -> (artifact id: '24ef08bcdce36b70d6e82839a07bbd01') in 0.443978 seconds
  Import took 0.447862 seconds .

========================================================================
Received Import Request.
  Time since last request: 0.000466 seconds.
  path: Assets/HorizontalAction/Assets/SampleAssets/Materials/Crate.mat
  artifactKey: Guid(8cabc88cc93c6204eb20cc7746983bc6) Importer(815301076,1909f56bfc062723c751e8b465ee728b)
Start importing Assets/HorizontalAction/Assets/SampleAssets/Materials/Crate.mat using Guid(8cabc88cc93c6204eb20cc7746983bc6) Importer(815301076,1909f56bfc062723c751e8b465ee728b)  -> (artifact id: '1139c99ad79427fedfd4ae676d9c6941') in 0.039874 seconds
  Import took 0.043835 seconds .

========================================================================
Received Import Request.
  Time since last request: 0.000254 seconds.
  path: Assets/HorizontalAction/Assets/SampleAssets/Materials/Cloud Mat.mat
  artifactKey: Guid(12781f4a389d2f340b72a22207fe4541) Importer(815301076,1909f56bfc062723c751e8b465ee728b)
Start importing Assets/HorizontalAction/Assets/SampleAssets/Materials/Cloud Mat.mat using Guid(12781f4a389d2f340b72a22207fe4541) Importer(815301076,1909f56bfc062723c751e8b465ee728b)  -> (artifact id: '8d3b8971099c93e4cd604531b5f5241f') in 0.089539 seconds
  Import took 0.093380 seconds .

========================================================================
Received Import Request.
  Time since last request: 0.000371 seconds.
  path: Assets/HorizontalAction/Assets/SampleAssets/Materials/Marble.mat
  artifactKey: Guid(a359ba8eb63435a49b19ccbcb7f96a07) Importer(815301076,1909f56bfc062723c751e8b465ee728b)
Start importing Assets/HorizontalAction/Assets/SampleAssets/Materials/Marble.mat using Guid(a359ba8eb63435a49b19ccbcb7f96a07) Importer(815301076,1909f56bfc062723c751e8b465ee728b)  -> (artifact id: '81756eb7a4b8ee2a20f0cdad1ae6b7c3') in 0.040788 seconds
  Import took 0.044690 seconds .

========================================================================
Received Import Request.
  Time since last request: 0.000305 seconds.
  path: Assets/HorizontalAction/Assets/SampleAssets/Materials/Ground.mat
  artifactKey: Guid(645c8528914f73541871f9fbbf6111e0) Importer(815301076,1909f56bfc062723c751e8b465ee728b)
Start importing Assets/HorizontalAction/Assets/SampleAssets/Materials/Ground.mat using Guid(645c8528914f73541871f9fbbf6111e0) Importer(815301076,1909f56bfc062723c751e8b465ee728b)  -> (artifact id: 'f1a78d6e42da7652b62033dd4bb33690') in 0.039329 seconds
  Import took 0.043113 seconds .

========================================================================
Received Import Request.
  Time since last request: 0.000447 seconds.
  path: Assets/HorizontalAction/Assets/SampleAssets/Materials/Wall.mat
  artifactKey: Guid(822a8549deaf9c446bd4c6e25e464a20) Importer(815301076,1909f56bfc062723c751e8b465ee728b)
Start importing Assets/HorizontalAction/Assets/SampleAssets/Materials/Wall.mat using Guid(822a8549deaf9c446bd4c6e25e464a20) Importer(815301076,1909f56bfc062723c751e8b465ee728b)  -> (artifact id: 'f40ce0c145866e6d0e39077cfd1d7bc5') in 0.041838 seconds
  Import took 0.045578 seconds .

========================================================================
Received Import Request.
  Time since last request: 0.000384 seconds.
  path: Assets/HorizontalAction/Assets/SampleAssets/Materials/Wood.mat
  artifactKey: Guid(1de073f22dadd8d43a3005f7d6a55034) Importer(815301076,1909f56bfc062723c751e8b465ee728b)
Start importing Assets/HorizontalAction/Assets/SampleAssets/Materials/Wood.mat using Guid(1de073f22dadd8d43a3005f7d6a55034) Importer(815301076,1909f56bfc062723c751e8b465ee728b)  -> (artifact id: 'dfcb063c768198680f00a3dc23ecc753') in 0.042935 seconds
  Import took 0.046479 seconds .

========================================================================
Received Import Request.
  Time since last request: 0.000288 seconds.
  path: Assets/HorizontalAction/Assets/SampleAssets/Materials/skin_badguy.mat
  artifactKey: Guid(d9719185c494f4144850500a36f71feb) Importer(815301076,1909f56bfc062723c751e8b465ee728b)
Start importing Assets/HorizontalAction/Assets/SampleAssets/Materials/skin_badguy.mat using Guid(d9719185c494f4144850500a36f71feb) Importer(815301076,1909f56bfc062723c751e8b465ee728b)  -> (artifact id: '2005c14b3feac5e18ce9336944b3edab') in 0.029659 seconds
  Import took 0.033587 seconds .

========================================================================
Received Import Request.
  Time since last request: 4.585279 seconds.
  path: Assets/HorizontalAction/Assets/SampleAssets/Player
  artifactKey: Guid(f97c61b383a5c624ba9dc730b19d20e0) Importer(815301076,1909f56bfc062723c751e8b465ee728b)
Start importing Assets/HorizontalAction/Assets/SampleAssets/Player using Guid(f97c61b383a5c624ba9dc730b19d20e0) Importer(815301076,1909f56bfc062723c751e8b465ee728b)  -> (artifact id: '86f85f9da8ed0529602145dfdffff782') in 0.014104 seconds
  Import took 0.019080 seconds .

========================================================================
Received Import Request.
  Time since last request: 0.343254 seconds.
  path: Assets/HorizontalAction/Assets/SampleAssets/Player/Player Model.fbx
  artifactKey: Guid(3e4105e6d3f761f48adb3eb7983510d1) Importer(815301076,1909f56bfc062723c751e8b465ee728b)
Start importing Assets/HorizontalAction/Assets/SampleAssets/Player/Player Model.fbx using Guid(3e4105e6d3f761f48adb3eb7983510d1) Importer(815301076,1909f56bfc062723c751e8b465ee728b)  -> (artifact id: 'aef3744da6b6a7822cadce7b436b8919') in 0.816160 seconds
  Import took 0.820190 seconds .

========================================================================
Received Import Request.
  Time since last request: 39.436236 seconds.
  path: Assets/HorizontalAction/Assets/SampleAssets/Textures
  artifactKey: Guid(ec897f9ee2210c749ad1898ea59326f9) Importer(815301076,1909f56bfc062723c751e8b465ee728b)
Start importing Assets/HorizontalAction/Assets/SampleAssets/Textures using Guid(ec897f9ee2210c749ad1898ea59326f9) Importer(815301076,1909f56bfc062723c751e8b465ee728b)  -> (artifact id: '4ed84c61d51538599186a9d71361a82f') in 0.011525 seconds
  Import took 0.016384 seconds .

========================================================================
Received Import Request.
  Time since last request: 0.071109 seconds.
  path: Assets/HorizontalAction/Assets/SampleAssets/Textures/brick v.jpg
  artifactKey: Guid(b3dbbcf71e0dd914a8daaf9a7ccbc183) Importer(815301076,1909f56bfc062723c751e8b465ee728b)
Start importing Assets/HorizontalAction/Assets/SampleAssets/Textures/brick v.jpg using Guid(b3dbbcf71e0dd914a8daaf9a7ccbc183) Importer(815301076,1909f56bfc062723c751e8b465ee728b)  -> (artifact id: '8dc2118d4c2f1ad2e6743c5dc1d05320') in 0.685195 seconds
  Import took 0.690427 seconds .

========================================================================
Received Import Request.
  Time since last request: 0.000400 seconds.
  path: Assets/HorizontalAction/Assets/SampleAssets/Textures/crate.jpg
  artifactKey: Guid(d098c714deb38b949849b47ec7a13bce) Importer(815301076,1909f56bfc062723c751e8b465ee728b)
Start importing Assets/HorizontalAction/Assets/SampleAssets/Textures/crate.jpg using Guid(d098c714deb38b949849b47ec7a13bce) Importer(815301076,1909f56bfc062723c751e8b465ee728b)  -> (artifact id: '9167cfcc4d4eb54b952e19b985204833') in 0.026993 seconds
  Import took 0.031733 seconds .

========================================================================
Received Import Request.
  Time since last request: 0.000373 seconds.
  path: Assets/HorizontalAction/Assets/SampleAssets/Textures/wood.jpg
  artifactKey: Guid(7d8691f69c88bdd40b070b7d2f9e8cd1) Importer(815301076,1909f56bfc062723c751e8b465ee728b)
Start importing Assets/HorizontalAction/Assets/SampleAssets/Textures/wood.jpg using Guid(7d8691f69c88bdd40b070b7d2f9e8cd1) Importer(815301076,1909f56bfc062723c751e8b465ee728b)  -> (artifact id: 'd19dce9b37a67f9a6f183a3be377c8be') in 0.029657 seconds
  Import took 0.131559 seconds .

========================================================================
Received Import Request.
  Time since last request: 0.000293 seconds.
  path: Assets/HorizontalAction/Assets/SampleAssets/Textures/grass.png
  artifactKey: Guid(ea7e310eb6ba45e4c8b04ae0ebd24889) Importer(815301076,1909f56bfc062723c751e8b465ee728b)
Start importing Assets/HorizontalAction/Assets/SampleAssets/Textures/grass.png using Guid(ea7e310eb6ba45e4c8b04ae0ebd24889) Importer(815301076,1909f56bfc062723c751e8b465ee728b)  -> (artifact id: 'f6d31bb26af3b28e103bd1ef1abab27f') in 0.051902 seconds
  Import took 0.057618 seconds .

========================================================================
Received Import Request.
  Time since last request: 0.000305 seconds.
  path: Assets/HorizontalAction/Assets/SampleAssets/Textures/metal 1.png
  artifactKey: Guid(a5593782e711e594cb5de1874d71e84e) Importer(815301076,1909f56bfc062723c751e8b465ee728b)
Start importing Assets/HorizontalAction/Assets/SampleAssets/Textures/metal 1.png using Guid(a5593782e711e594cb5de1874d71e84e) Importer(815301076,1909f56bfc062723c751e8b465ee728b)  -> (artifact id: '10810f93d1929ef3886b1747da61d23d') in 0.027094 seconds
  Import took 0.057746 seconds .

========================================================================
Received Import Request.
  Time since last request: 0.000341 seconds.
  path: Assets/HorizontalAction/Assets/SampleAssets/Textures/Cloud Particle.png
  artifactKey: Guid(c8f952665d4f42d4c99cb98b65449bd3) Importer(815301076,1909f56bfc062723c751e8b465ee728b)
Start importing Assets/HorizontalAction/Assets/SampleAssets/Textures/Cloud Particle.png using Guid(c8f952665d4f42d4c99cb98b65449bd3) Importer(815301076,1909f56bfc062723c751e8b465ee728b)  -> (artifact id: '346cf7488e019c1f85381a3e17f61fdf') in 0.031642 seconds
  Import took 0.036487 seconds .

========================================================================
Received Import Request.
  Time since last request: 0.000368 seconds.
  path: Assets/HorizontalAction/Assets/SampleAssets/Textures/marble.png
  artifactKey: Guid(451b741c05a67994082ce4d8cc87c20a) Importer(815301076,1909f56bfc062723c751e8b465ee728b)
Start importing Assets/HorizontalAction/Assets/SampleAssets/Textures/marble.png using Guid(451b741c05a67994082ce4d8cc87c20a) Importer(815301076,1909f56bfc062723c751e8b465ee728b)  -> (artifact id: 'd221fb29ff35d9b7b9e5b7deacc74df6') in 0.028269 seconds
  Import took 0.046530 seconds .

========================================================================
Received Import Request.
  Time since last request: 0.000654 seconds.
  path: Assets/HorizontalAction/Assets/SampleAssets/Textures/Cloud Particle.png
  artifactKey: Guid(c8f952665d4f42d4c99cb98b65449bd3) Importer(815301076,1909f56bfc062723c751e8b465ee728b)
Start importing Assets/HorizontalAction/Assets/SampleAssets/Textures/Cloud Particle.png using Guid(c8f952665d4f42d4c99cb98b65449bd3) Importer(815301076,1909f56bfc062723c751e8b465ee728b)  -> (artifact id: '346cf7488e019c1f85381a3e17f61fdf') in 0.024171 seconds
  Import took 0.027989 seconds .

========================================================================
Received Prepare
Registering precompiled user dll's ...
Registered in 0.002355 seconds.
Begin MonoManager ReloadAssembly
Native extension for LinuxStandalone target not found
Native extension for WindowsStandalone target not found
Native extension for WebGL target not found
Refreshing native plugins compatible for Editor in 0.65 ms, found 1 plugins.
Preloading 0 native plugins for Editor in 0.00 ms.
Invoked RoslynAnalysisRunner static constructor.
RoslynAnalysisRunner will not be running.
RoslynAnalysisRunner has terminated.
Mono: successfully reloaded assembly
- Completed reload, in  1.703 seconds
Platform modules already initialized, skipping
Refreshing native plugins compatible for Editor in 0.47 ms, found 1 plugins.
Preloading 0 native plugins for Editor in 0.00 ms.
Unloading 1793 Unused Serialized files (Serialized files now loaded: 0)
System memory in use before: 89.1 MB.
System memory in use after: 89.1 MB.

Unloading 12 unused Assets to reduce memory usage. Loaded Objects now: 2292.
Total: 2.842000 ms (FindLiveObjects: 0.391800 ms CreateObjectMapping: 0.153500 ms MarkObjects: 2.181000 ms  DeleteObjects: 0.114200 ms)

========================================================================
Received Import Request.
  Time since last request: 25.458925 seconds.
  path: Assets/HorizontalAction/Assets/SampleAssets/Textures/SkyBox
  artifactKey: Guid(5e3421029b453b44a9933292657d8caf) Importer(815301076,1909f56bfc062723c751e8b465ee728b)
Start importing Assets/HorizontalAction/Assets/SampleAssets/Textures/SkyBox using Guid(5e3421029b453b44a9933292657d8caf) Importer(815301076,1909f56bfc062723c751e8b465ee728b)  -> (artifact id: '0b2765f48e4629b7767070f673e10d99') in 0.015445 seconds
  Import took 0.020033 seconds .

========================================================================
Received Import Request.
  Time since last request: 0.063137 seconds.
  path: Assets/HorizontalAction/Assets/SampleAssets/Textures/SkyBox/Sunny2_back.tif
  artifactKey: Guid(9ef26a39a400bec44a36b85fd38a2d65) Importer(815301076,1909f56bfc062723c751e8b465ee728b)
Start importing Assets/HorizontalAction/Assets/SampleAssets/Textures/SkyBox/Sunny2_back.tif using Guid(9ef26a39a400bec44a36b85fd38a2d65) Importer(815301076,1909f56bfc062723c751e8b465ee728b)  -> (artifact id: '4f61d5ce4453cb1d2dd476e6c2087aca') in 0.205525 seconds
  Import took 0.210452 seconds .

========================================================================
Received Import Request.
  Time since last request: 0.000415 seconds.
  path: Assets/HorizontalAction/Assets/SampleAssets/Textures/SkyBox/Sunny2_up.tif
  artifactKey: Guid(db6ded423daf6e449ac50a3e1f99a36a) Importer(815301076,1909f56bfc062723c751e8b465ee728b)
Start importing Assets/HorizontalAction/Assets/SampleAssets/Textures/SkyBox/Sunny2_up.tif using Guid(db6ded423daf6e449ac50a3e1f99a36a) Importer(815301076,1909f56bfc062723c751e8b465ee728b)  -> (artifact id: 'da86764d29a3e44fa6ded1301bc25272') in 0.029653 seconds
  Import took 0.119573 seconds .

========================================================================
Received Import Request.
  Time since last request: 0.000400 seconds.
  path: Assets/HorizontalAction/Assets/SampleAssets/Textures/SkyBox/Sunny2_right.tif
  artifactKey: Guid(5861c55756febc148902667397405ff9) Importer(815301076,1909f56bfc062723c751e8b465ee728b)
Start importing Assets/HorizontalAction/Assets/SampleAssets/Textures/SkyBox/Sunny2_right.tif using Guid(5861c55756febc148902667397405ff9) Importer(815301076,1909f56bfc062723c751e8b465ee728b)  -> (artifact id: '27d0372ddce0e346349e698ed336d86b') in 0.028027 seconds
  Import took 0.032200 seconds .

========================================================================
Received Import Request.
  Time since last request: 0.000408 seconds.
  path: Assets/HorizontalAction/Assets/SampleAssets/Textures/SkyBox/Sunny2_front.tif
  artifactKey: Guid(be7c377d128f1ff46a22853ecdb9e6d1) Importer(815301076,1909f56bfc062723c751e8b465ee728b)
Start importing Assets/HorizontalAction/Assets/SampleAssets/Textures/SkyBox/Sunny2_front.tif using Guid(be7c377d128f1ff46a22853ecdb9e6d1) Importer(815301076,1909f56bfc062723c751e8b465ee728b)  -> (artifact id: 'd1413cfa542e9b54ee1b1a1abdd3f493') in 0.029236 seconds
  Import took 0.033098 seconds .

========================================================================
Received Import Request.
  Time since last request: 0.000379 seconds.
  path: Assets/HorizontalAction/Assets/SampleAssets/Textures/SkyBox/Sunny2_left.tif
  artifactKey: Guid(16dd8248d31591f4fbea40ca5d506411) Importer(815301076,1909f56bfc062723c751e8b465ee728b)
Start importing Assets/HorizontalAction/Assets/SampleAssets/Textures/SkyBox/Sunny2_left.tif using Guid(16dd8248d31591f4fbea40ca5d506411) Importer(815301076,1909f56bfc062723c751e8b465ee728b)  -> (artifact id: '076453a5b62c08b71f930ed4a4d0812d') in 0.041947 seconds
  Import took 0.046425 seconds .

========================================================================
Received Import Request.
  Time since last request: 0.000370 seconds.
  path: Assets/HorizontalAction/Assets/SampleAssets/Textures/SkyBox/Sunny2_down.tif
  artifactKey: Guid(e58d7769af939f944aa34c67b70e282b) Importer(815301076,1909f56bfc062723c751e8b465ee728b)
Start importing Assets/HorizontalAction/Assets/SampleAssets/Textures/SkyBox/Sunny2_down.tif using Guid(e58d7769af939f944aa34c67b70e282b) Importer(815301076,1909f56bfc062723c751e8b465ee728b)  -> (artifact id: '7b6bc6efab78959292171193c28959f3') in 0.029455 seconds
  Import took 0.129754 seconds .

========================================================================
Received Import Request.
  Time since last request: 5.907769 seconds.
  path: Assets/HorizontalAction/Assets/SampleAssets/Prefabs
  artifactKey: Guid(66f13c226455fed41a0f99aefe87d4f5) Importer(815301076,1909f56bfc062723c751e8b465ee728b)
Start importing Assets/HorizontalAction/Assets/SampleAssets/Prefabs using Guid(66f13c226455fed41a0f99aefe87d4f5) Importer(815301076,1909f56bfc062723c751e8b465ee728b)  -> (artifact id: '1f5e2836e91b50d008d3dd0eb0788a4d') in 0.015291 seconds
  Import took 0.019348 seconds .

========================================================================
Received Import Request.
  Time since last request: 0.050376 seconds.
  path: Assets/HorizontalAction/Assets/SampleAssets/Prefabs/Env.prefab
  artifactKey: Guid(a2fc2d8220d2cf74a938f46ec24f86f4) Importer(815301076,1909f56bfc062723c751e8b465ee728b)
Start importing Assets/HorizontalAction/Assets/SampleAssets/Prefabs/Env.prefab using Guid(a2fc2d8220d2cf74a938f46ec24f86f4) Importer(815301076,1909f56bfc062723c751e8b465ee728b)  -> (artifact id: 'fc6695e1e7162bdfd51c0953ac4f980e') in 0.262574 seconds
  Import took 0.303266 seconds .

========================================================================
Received Import Request.
  Time since last request: 0.000820 seconds.
  path: Assets/HorizontalAction/Assets/SampleAssets/Prefabs/Smoke Puff.prefab
  artifactKey: Guid(13c2fbbbbb011d041a4b6ea720c8ad29) Importer(815301076,1909f56bfc062723c751e8b465ee728b)
Start importing Assets/HorizontalAction/Assets/SampleAssets/Prefabs/Smoke Puff.prefab using Guid(13c2fbbbbb011d041a4b6ea720c8ad29) Importer(815301076,1909f56bfc062723c751e8b465ee728b)  -> (artifact id: '7f25b0c2449984b1ee2ac1672c7e7bb9') in 0.022333 seconds
  Import took 0.046687 seconds .

========================================================================
Received Import Request.
  Time since last request: 3.889722 seconds.
  path: Assets/HorizontalAction/Assets/SampleAssets/SimpleFX
  artifactKey: Guid(fcc05f30a7a77d5499f841f25a26cb59) Importer(815301076,1909f56bfc062723c751e8b465ee728b)
Start importing Assets/HorizontalAction/Assets/SampleAssets/SimpleFX using Guid(fcc05f30a7a77d5499f841f25a26cb59) Importer(815301076,1909f56bfc062723c751e8b465ee728b)  -> (artifact id: '987ff6e77ded18a6ac16b3af60cc4e10') in 0.012926 seconds
  Import took 0.017188 seconds .

========================================================================
Received Import Request.
  Time since last request: 2.931912 seconds.
  path: Assets/HorizontalAction/Assets/SampleAssets/Sound
  artifactKey: Guid(41a26ba0b0f312c419b2c69df9276a27) Importer(815301076,1909f56bfc062723c751e8b465ee728b)
Start importing Assets/HorizontalAction/Assets/SampleAssets/Sound using Guid(41a26ba0b0f312c419b2c69df9276a27) Importer(815301076,1909f56bfc062723c751e8b465ee728b)  -> (artifact id: 'a3d8bdc0877d64958a9bfa213058b269') in 0.014610 seconds
  Import took 0.355325 seconds .

========================================================================
Received Import Request.
  Time since last request: 0.000389 seconds.
  path: Assets/HorizontalAction/Assets/SampleAssets/Sound/Background2.ogg
  artifactKey: Guid(e39345ef6ac9dc54fb567c001888759d) Importer(815301076,1909f56bfc062723c751e8b465ee728b)
Start importing Assets/HorizontalAction/Assets/SampleAssets/Sound/Background2.ogg using Guid(e39345ef6ac9dc54fb567c001888759d) Importer(815301076,1909f56bfc062723c751e8b465ee728b)  -> (artifact id: '2e515f1de53f5f5060d2bb5504bf896c') in 1.160259 seconds
  Import took 1.192294 seconds .

========================================================================
Received Import Request.
  Time since last request: 0.000515 seconds.
  path: Assets/HorizontalAction/Assets/SampleAssets/Sound/Pickup.wav
  artifactKey: Guid(12238f84ea01f61498a4ffdd188b08b1) Importer(815301076,1909f56bfc062723c751e8b465ee728b)
Start importing Assets/HorizontalAction/Assets/SampleAssets/Sound/Pickup.wav using Guid(12238f84ea01f61498a4ffdd188b08b1) Importer(815301076,1909f56bfc062723c751e8b465ee728b)  -> (artifact id: '6fe28e7ac22982fe9eda1c2f5cb2dd48') in 0.043283 seconds
  Import took 0.117979 seconds .

========================================================================
Received Import Request.
  Time since last request: 0.000521 seconds.
  path: Assets/HorizontalAction/Assets/SampleAssets/Sound/Background.wav
  artifactKey: Guid(b5e265f81dc3af64a989125ea762b37e) Importer(815301076,1909f56bfc062723c751e8b465ee728b)
Start importing Assets/HorizontalAction/Assets/SampleAssets/Sound/Background.wav using Guid(b5e265f81dc3af64a989125ea762b37e) Importer(815301076,1909f56bfc062723c751e8b465ee728b)  -> (artifact id: '5805cd3fd82918b4ed10c1e475abc045') in 0.052086 seconds
  Import took 0.201390 seconds .

========================================================================
Received Import Request.
  Time since last request: 0.000269 seconds.
  path: Assets/HorizontalAction/Assets/SampleAssets/Sound/LevelEnd.wav
  artifactKey: Guid(abd96d35f13f1b74184a3096ac783bed) Importer(815301076,1909f56bfc062723c751e8b465ee728b)
Start importing Assets/HorizontalAction/Assets/SampleAssets/Sound/LevelEnd.wav using Guid(abd96d35f13f1b74184a3096ac783bed) Importer(815301076,1909f56bfc062723c751e8b465ee728b)  -> (artifact id: 'e44d12ef628b414d1db78906aa47fb1b') in 0.049750 seconds
  Import took 0.053943 seconds .

========================================================================
Received Import Request.
  Time since last request: 0.000279 seconds.
  path: Assets/HorizontalAction/Assets/SampleAssets/Sound/Player Land.wav
  artifactKey: Guid(108fa882537c6094fad900e07c5d8550) Importer(815301076,1909f56bfc062723c751e8b465ee728b)
Start importing Assets/HorizontalAction/Assets/SampleAssets/Sound/Player Land.wav using Guid(108fa882537c6094fad900e07c5d8550) Importer(815301076,1909f56bfc062723c751e8b465ee728b)  -> (artifact id: '343bea6507971b5d9626803719e0eb0a') in 0.037161 seconds
  Import took 0.044915 seconds .

========================================================================
Received Import Request.
  Time since last request: 0.000208 seconds.
  path: Assets/HorizontalAction/Assets/SampleAssets/Sound/Player Jump.mp3
  artifactKey: Guid(409dbca71751da443a398dfca71ba62f) Importer(815301076,1909f56bfc062723c751e8b465ee728b)
Start importing Assets/HorizontalAction/Assets/SampleAssets/Sound/Player Jump.mp3 using Guid(409dbca71751da443a398dfca71ba62f) Importer(815301076,1909f56bfc062723c751e8b465ee728b)  -> (artifact id: 'b10ee01468ace34784162fce6d3fd9e0') in 0.147574 seconds
  Import took 0.152317 seconds .

========================================================================
Received Import Request.
  Time since last request: 0.000400 seconds.
  path: Assets/HorizontalAction/Assets/SampleAssets/Sound/Player Hurt.wav
  artifactKey: Guid(e4d1ca6dcbea87748898207a44308793) Importer(815301076,1909f56bfc062723c751e8b465ee728b)
Start importing Assets/HorizontalAction/Assets/SampleAssets/Sound/Player Hurt.wav using Guid(e4d1ca6dcbea87748898207a44308793) Importer(815301076,1909f56bfc062723c751e8b465ee728b)  -> (artifact id: '2fc21ca8feda612885710dc0576e7051') in 0.047150 seconds
  Import took 0.148008 seconds .

========================================================================
Received Import Request.
  Time since last request: 0.000440 seconds.
  path: Assets/HorizontalAction/Assets/SampleAssets/Sound/Throw.wav
  artifactKey: Guid(1a989ae16939c224081259c9eb482dd3) Importer(815301076,1909f56bfc062723c751e8b465ee728b)
Start importing Assets/HorizontalAction/Assets/SampleAssets/Sound/Throw.wav using Guid(1a989ae16939c224081259c9eb482dd3) Importer(815301076,1909f56bfc062723c751e8b465ee728b)  -> (artifact id: '7f3a8fe6b62a867de2d79189cfcbca1c') in 0.050311 seconds
  Import took 0.053704 seconds .

========================================================================
Received Import Request.
  Time since last request: 0.000421 seconds.
  path: Assets/HorizontalAction/Assets/SampleAssets/Sound/0intro_0.ogg
  artifactKey: Guid(82c641e69856166448a471262c2a79cd) Importer(815301076,1909f56bfc062723c751e8b465ee728b)
Start importing Assets/HorizontalAction/Assets/SampleAssets/Sound/0intro_0.ogg using Guid(82c641e69856166448a471262c2a79cd) Importer(815301076,1909f56bfc062723c751e8b465ee728b)  -> (artifact id: 'f1c897921b14959c37243e4bba4369f8') in 0.040572 seconds
  Import took 0.045736 seconds .

========================================================================
Received Import Request.
  Time since last request: 10.529090 seconds.
  path: Assets/HorizontalAction/ProjectSettings
  artifactKey: Guid(0a74639dde180464b8e39605f54c8170) Importer(815301076,1909f56bfc062723c751e8b465ee728b)
Start importing Assets/HorizontalAction/ProjectSettings using Guid(0a74639dde180464b8e39605f54c8170) Importer(815301076,1909f56bfc062723c751e8b465ee728b)  -> (artifact id: '954b9b376f1f48f72e95da094893945a') in 0.015367 seconds
  Import took 0.020133 seconds .

========================================================================
Received Import Request.
  Time since last request: 9.777521 seconds.
  path: Assets/HorizontalAction/Assets/Gameplay
  artifactKey: Guid(849af7df59b176c478d6f3a7a730f2f2) Importer(815301076,1909f56bfc062723c751e8b465ee728b)
Start importing Assets/HorizontalAction/Assets/Gameplay using Guid(849af7df59b176c478d6f3a7a730f2f2) Importer(815301076,1909f56bfc062723c751e8b465ee728b)  -> (artifact id: 'e8c660a89696e2cc8ee5ab27cde32923') in 0.013640 seconds
  Import took 0.018762 seconds .

========================================================================
Received Import Request.
  Time since last request: 2.040670 seconds.
  path: Assets/HorizontalAction/Assets/Gameplay/Prefabs
  artifactKey: Guid(44f53857414264d47b1d1d91bb2799bb) Importer(815301076,1909f56bfc062723c751e8b465ee728b)
Start importing Assets/HorizontalAction/Assets/Gameplay/Prefabs using Guid(44f53857414264d47b1d1d91bb2799bb) Importer(815301076,1909f56bfc062723c751e8b465ee728b)  -> (artifact id: 'b9e10e2b2e08e985399200a051a553d7') in 0.007488 seconds
  Import took 0.012537 seconds .

========================================================================
Received Import Request.
  Time since last request: 0.074019 seconds.
  path: Assets/HorizontalAction/Assets/Gameplay/Prefabs/AI.prefab
  artifactKey: Guid(1d7ed4c93760881428175f2943687e6e) Importer(815301076,1909f56bfc062723c751e8b465ee728b)
Start importing Assets/HorizontalAction/Assets/Gameplay/Prefabs/AI.prefab using Guid(1d7ed4c93760881428175f2943687e6e) Importer(815301076,1909f56bfc062723c751e8b465ee728b)  -> (artifact id: 'a258819aa8289565b36154549d1d7899') in 0.189097 seconds
  Import took 0.193841 seconds .

========================================================================
Received Import Request.
  Time since last request: 0.000402 seconds.
  path: Assets/HorizontalAction/Assets/Gameplay/Prefabs/Player.prefab
  artifactKey: Guid(1a61a4100ab55f142a9f14d2f94b8b65) Importer(815301076,1909f56bfc062723c751e8b465ee728b)
Start importing Assets/HorizontalAction/Assets/Gameplay/Prefabs/Player.prefab using Guid(1a61a4100ab55f142a9f14d2f94b8b65) Importer(815301076,1909f56bfc062723c751e8b465ee728b)  -> (artifact id: 'de7ee0d8d660d807c7cddeba1f0d160b') in 0.036647 seconds
  Import took 0.044088 seconds .

========================================================================
Received Import Request.
  Time since last request: 0.000272 seconds.
  path: Assets/HorizontalAction/Assets/Gameplay/Prefabs/Box.prefab
  artifactKey: Guid(31049f1781f33924c950c14c9f7a303b) Importer(815301076,1909f56bfc062723c751e8b465ee728b)
Start importing Assets/HorizontalAction/Assets/Gameplay/Prefabs/Box.prefab using Guid(31049f1781f33924c950c14c9f7a303b) Importer(815301076,1909f56bfc062723c751e8b465ee728b)  -> (artifact id: 'c28992b3df829bc20e0d74dc7da41953') in 0.038221 seconds
  Import took 0.043639 seconds .

========================================================================
Received Import Request.
  Time since last request: 0.005111 seconds.
  path: Assets/HorizontalAction/Assets/Gameplay/Prefabs/Box.prefab
  artifactKey: Guid(31049f1781f33924c950c14c9f7a303b) Importer(815301076,1909f56bfc062723c751e8b465ee728b)
Start importing Assets/HorizontalAction/Assets/Gameplay/Prefabs/Box.prefab using Guid(31049f1781f33924c950c14c9f7a303b) Importer(815301076,1909f56bfc062723c751e8b465ee728b)  -> (artifact id: 'c28992b3df829bc20e0d74dc7da41953') in 0.016853 seconds
  Import took 0.022580 seconds .

========================================================================
Received Prepare
Registering precompiled user dll's ...
Registered in 0.002292 seconds.
Begin MonoManager ReloadAssembly
Native extension for LinuxStandalone target not found
Native extension for WindowsStandalone target not found
Native extension for WebGL target not found
Refreshing native plugins compatible for Editor in 1.01 ms, found 1 plugins.
Preloading 0 native plugins for Editor in 0.00 ms.
Invoked RoslynAnalysisRunner static constructor.
RoslynAnalysisRunner will not be running.
RoslynAnalysisRunner has terminated.
Mono: successfully reloaded assembly
- Completed reload, in  2.207 seconds
Platform modules already initialized, skipping
Refreshing native plugins compatible for Editor in 0.56 ms, found 1 plugins.
Preloading 0 native plugins for Editor in 0.00 ms.
Unloading 1793 Unused Serialized files (Serialized files now loaded: 0)
System memory in use before: 89.4 MB.
System memory in use after: 89.4 MB.

Unloading 12 unused Assets to reduce memory usage. Loaded Objects now: 2300.
Total: 4.433900 ms (FindLiveObjects: 0.360400 ms CreateObjectMapping: 0.136400 ms MarkObjects: 3.627900 ms  DeleteObjects: 0.306700 ms)

========================================================================
Received Import Request.
  Time since last request: 117.117221 seconds.
  path: Assets
  artifactKey: Guid(00000000000000001000000000000000) Importer(815301076,1909f56bfc062723c751e8b465ee728b)
Start importing Assets using Guid(00000000000000001000000000000000) Importer(815301076,1909f56bfc062723c751e8b465ee728b)  -> (artifact id: '4a6e520b92ccfc61bcfa21a7bcab8468') in 0.016714 seconds
  Import took 0.021332 seconds .

========================================================================
Received Import Request.
  Time since last request: 10.062345 seconds.
  path: Assets/Settings.cs
  artifactKey: Guid(173380efc6f014e43a1d346b333ac7d4) Importer(815301076,1909f56bfc062723c751e8b465ee728b)
Start importing Assets/Settings.cs using Guid(173380efc6f014e43a1d346b333ac7d4) Importer(815301076,1909f56bfc062723c751e8b465ee728b)  -> (artifact id: '18c6c4e6a4429325f83fbd90e2c9c058') in 0.011069 seconds
  Import took 0.017158 seconds .

========================================================================
Received Import Request.
  Time since last request: 0.002301 seconds.
  path: Assets/Settings.cs
  artifactKey: Guid(173380efc6f014e43a1d346b333ac7d4) Importer(815301076,1909f56bfc062723c751e8b465ee728b)
Start importing Assets/Settings.cs using Guid(173380efc6f014e43a1d346b333ac7d4) Importer(815301076,1909f56bfc062723c751e8b465ee728b)  -> (artifact id: '18c6c4e6a4429325f83fbd90e2c9c058') in 0.004757 seconds
  Import took 0.008800 seconds .

========================================================================
Received Prepare
Registering precompiled user dll's ...
Registered in 0.001771 seconds.
Begin MonoManager ReloadAssembly
Native extension for LinuxStandalone target not found
Native extension for WindowsStandalone target not found
Native extension for WebGL target not found
Refreshing native plugins compatible for Editor in 0.58 ms, found 1 plugins.
Preloading 0 native plugins for Editor in 0.00 ms.
Invoked RoslynAnalysisRunner static constructor.
RoslynAnalysisRunner will not be running.
RoslynAnalysisRunner has terminated.
Mono: successfully reloaded assembly
- Completed reload, in  1.692 seconds
Platform modules already initialized, skipping
Refreshing native plugins compatible for Editor in 0.43 ms, found 1 plugins.
Preloading 0 native plugins for Editor in 0.00 ms.
Unloading 1794 Unused Serialized files (Serialized files now loaded: 0)
System memory in use before: 89.6 MB.
System memory in use after: 89.6 MB.

Unloading 12 unused Assets to reduce memory usage. Loaded Objects now: 2304.
Total: 2.780500 ms (FindLiveObjects: 0.226800 ms CreateObjectMapping: 0.090000 ms MarkObjects: 2.307000 ms  DeleteObjects: 0.155400 ms)

========================================================================
Received Prepare
Registering precompiled user dll's ...
Registered in 0.003357 seconds.
Begin MonoManager ReloadAssembly
Native extension for LinuxStandalone target not found
Native extension for WindowsStandalone target not found
Native extension for WebGL target not found
Refreshing native plugins compatible for Editor in 0.52 ms, found 1 plugins.
Preloading 0 native plugins for Editor in 0.00 ms.
Invoked RoslynAnalysisRunner static constructor.
RoslynAnalysisRunner will not be running.
RoslynAnalysisRunner has terminated.
Mono: successfully reloaded assembly
- Completed reload, in  1.343 seconds
Platform modules already initialized, skipping
Refreshing native plugins compatible for Editor in 0.38 ms, found 1 plugins.
Preloading 0 native plugins for Editor in 0.00 ms.
Unloading 1794 Unused Serialized files (Serialized files now loaded: 0)
System memory in use before: 89.7 MB.
System memory in use after: 89.7 MB.

Unloading 12 unused Assets to reduce memory usage. Loaded Objects now: 2307.
Total: 3.538000 ms (FindLiveObjects: 0.388000 ms CreateObjectMapping: 0.235200 ms MarkObjects: 2.769500 ms  DeleteObjects: 0.143100 ms)

========================================================================
Received Import Request.
  Time since last request: 87.179595 seconds.
  path: Assets/Settings.cs
  artifactKey: Guid(173380efc6f014e43a1d346b333ac7d4) Importer(815301076,1909f56bfc062723c751e8b465ee728b)
Start importing Assets/Settings.cs using Guid(173380efc6f014e43a1d346b333ac7d4) Importer(815301076,1909f56bfc062723c751e8b465ee728b)  -> (artifact id: '9fcd9550700d1c4759f79417ad64024b') in 0.012272 seconds
  Import took 0.018642 seconds .

========================================================================
Received Prepare
Registering precompiled user dll's ...
Registered in 0.002093 seconds.
Begin MonoManager ReloadAssembly
Native extension for LinuxStandalone target not found
Native extension for WindowsStandalone target not found
Native extension for WebGL target not found
Refreshing native plugins compatible for Editor in 0.49 ms, found 1 plugins.
Preloading 0 native plugins for Editor in 0.00 ms.
Invoked RoslynAnalysisRunner static constructor.
RoslynAnalysisRunner will not be running.
RoslynAnalysisRunner has terminated.
Mono: successfully reloaded assembly
- Completed reload, in  1.880 seconds
Platform modules already initialized, skipping
Refreshing native plugins compatible for Editor in 0.47 ms, found 1 plugins.
Preloading 0 native plugins for Editor in 0.00 ms.
Unloading 1794 Unused Serialized files (Serialized files now loaded: 0)
System memory in use before: 89.8 MB.
System memory in use after: 89.8 MB.

Unloading 12 unused Assets to reduce memory usage. Loaded Objects now: 2310.
Total: 2.695800 ms (FindLiveObjects: 0.276600 ms CreateObjectMapping: 0.084900 ms MarkObjects: 2.157200 ms  DeleteObjects: 0.175800 ms)

